2026-05-25 08:44:10,739 - INFO - Will watch for changes in these directories: ['C:\\Users\\cavidan\\JetBrainsProjects\\hok-pm\\server']
2026-05-25 08:44:10,743 - INFO - Uvicorn running on http://127.0.0.1:8000 (Press CTRL+C to quit)
2026-05-25 08:44:10,746 - INFO - Started reloader process [16316] using WatchFiles
2026-05-25 08:48:04,704 - WARNING - WatchFiles detected changes in 'repositories\common_repository.py'. Reloading...
2026-05-25 08:49:38,932 - WARNING - WatchFiles detected changes in 'repositories\common_repository.py'. Reloading...
2026-05-25 08:51:14,349 - WARNING - WatchFiles detected changes in 'routers\common_router.py'. Reloading...
2026-05-25 08:52:24,304 - WARNING - WatchFiles detected changes in 'repositories\common_repository.py'. Reloading...
2026-05-25 08:55:19,154 - WARNING - WatchFiles detected changes in 'repositories\common_repository.py'. Reloading...
2026-05-25 08:55:31,900 - WARNING - WatchFiles detected changes in 'repositories\common_repository.py'. Reloading...
2026-05-25 08:57:58,243 - WARNING - WatchFiles detected changes in 'repositories\common_repository.py'. Reloading...
2026-05-25 09:00:08,554 - WARNING - WatchFiles detected changes in 'repositories\common_repository.py'. Reloading...
2026-05-25 09:04:11,640 - WARNING - WatchFiles detected changes in 'repositories\common_repository.py'. Reloading...
2026-05-25 09:04:33,433 - WARNING - WatchFiles detected changes in 'repositories\common_repository.py'. Reloading...
2026-05-25 09:04:47,562 - WARNING - WatchFiles detected changes in 'repositories\common_repository.py'. Reloading...
2026-05-25 09:10:15,569 - WARNING - WatchFiles detected changes in 'routers\common_router.py'. Reloading...
2026-05-25 09:12:03,718 - WARNING - WatchFiles detected changes in 'routers\common_router.py'. Reloading...
2026-05-25 09:13:06,298 - WARNING - WatchFiles detected changes in 'repositories\common_repository.py'. Reloading...
2026-05-25 09:15:25,397 - WARNING - WatchFiles detected changes in 'repositories\common_repository.py'. Reloading...
2026-05-25 09:16:02,533 - WARNING - WatchFiles detected changes in 'repositories\common_repository.py'. Reloading...
2026-05-25 09:21:09,551 - WARNING - WatchFiles detected changes in 'repositories\common_repository.py'. Reloading...
2026-05-25 09:22:19,977 - WARNING - WatchFiles detected changes in 'routers\common_router.py'. Reloading...
2026-05-25 09:22:27,083 - WARNING - WatchFiles detected changes in 'routers\common_router.py'. Reloading...
2026-05-25 09:22:43,329 - WARNING - WatchFiles detected changes in 'repositories\common_repository.py'. Reloading...
2026-05-25 09:23:36,812 - WARNING - WatchFiles detected changes in 'repositories\common_repository.py'. Reloading...
2026-05-25 09:23:48,358 - WARNING - WatchFiles detected changes in 'repositories\common_repository.py'. Reloading...
2026-05-25 09:23:52,234 - WARNING - WatchFiles detected changes in 'repositories\common_repository.py'. Reloading...
2026-05-25 09:28:04,936 - WARNING - WatchFiles detected changes in 'repositories\common_repository.py'. Reloading...
2026-05-25 09:29:14,327 - WARNING - WatchFiles detected changes in 'routers\common_router.py'. Reloading...
2026-05-25 09:29:20,328 - WARNING - WatchFiles detected changes in 'repositories\common_repository.py'. Reloading...
2026-05-25 09:29:31,273 - WARNING - WatchFiles detected changes in 'repositories\common_repository.py'. Reloading...
2026-05-25 09:29:37,548 - WARNING - WatchFiles detected changes in 'repositories\common_repository.py'. Reloading...
2026-05-25 09:33:44,271 - WARNING - WatchFiles detected changes in 'schemas\common_schema.py'. Reloading...
2026-05-25 09:55:03,997 - WARNING - WatchFiles detected changes in 'repositories\common_repository.py'. Reloading...
2026-05-25 09:56:10,086 - WARNING - WatchFiles detected changes in 'routers\common_router.py'. Reloading...
2026-05-25 09:56:24,928 - WARNING - WatchFiles detected changes in 'repositories\common_repository.py'. Reloading...
2026-05-25 10:01:28,658 - WARNING - WatchFiles detected changes in 'repositories\common_repository.py'. Reloading...
2026-05-25 10:02:26,047 - WARNING - WatchFiles detected changes in 'routers\common_router.py'. Reloading...
2026-05-25 10:06:21,429 - WARNING - WatchFiles detected changes in 'repositories\common_repository.py'. Reloading...
2026-05-25 10:12:21,894 - WARNING - WatchFiles detected changes in 'repositories\common_repository.py'. Reloading...
2026-05-25 10:12:30,874 - WARNING - WatchFiles detected changes in 'repositories\common_repository.py'. Reloading...
2026-05-25 10:15:55,847 - WARNING - WatchFiles detected changes in 'repositories\common_repository.py'. Reloading...
2026-05-25 10:17:17,281 - WARNING - WatchFiles detected changes in 'repositories\common_repository.py'. Reloading...
2026-05-25 10:30:25,696 - WARNING - WatchFiles detected changes in 'routers\common_router.py'. Reloading...
2026-05-25 10:30:56,904 - WARNING - WatchFiles detected changes in 'repositories\common_repository.py'. Reloading...
2026-05-25 10:33:52,895 - WARNING - WatchFiles detected changes in 'repositories\common_repository.py'. Reloading...
2026-05-25 10:36:14,478 - WARNING - WatchFiles detected changes in 'repositories\common_repository.py'. Reloading...
2026-05-25 10:36:32,906 - WARNING - WatchFiles detected changes in 'repositories\common_repository.py'. Reloading...
2026-05-25 10:38:01,859 - WARNING - WatchFiles detected changes in 'repositories\common_repository.py'. Reloading...
2026-05-25 10:38:07,582 - WARNING - WatchFiles detected changes in 'repositories\common_repository.py'. Reloading...
2026-05-25 10:41:23,184 - WARNING - WatchFiles detected changes in 'routers\common_router.py'. Reloading...
2026-05-25 10:41:38,271 - WARNING - WatchFiles detected changes in 'repositories\common_repository.py'. Reloading...
2026-05-25 10:47:19,641 - WARNING - WatchFiles detected changes in 'routers\common_router.py'. Reloading...
2026-05-25 10:48:16,002 - WARNING - WatchFiles detected changes in 'repositories\common_repository.py'. Reloading...
2026-05-25 10:48:17,670 - WARNING - WatchFiles detected changes in 'routers\common_router.py'. Reloading...
2026-05-25 10:59:41,627 - WARNING - WatchFiles detected changes in 'routers\static_data_router.py'. Reloading...
